1777147045282	geckodriver	INFO	Listening on 127.0.0.1:64010
1777147048304	mozrunner::runner	INFO	Running command: "C:\\Program Files\\Mozilla Firefox\\firefox.exe" "--marionette" "--headless" "--remote-debugging-port" "64011" "--remote-allow-hosts" "localhost" "-no-remote" "-profile" "C:\\Users\\DELL\\AppData\\Local\\Temp\\rust_mozprofileCgbSBk"
*** You are running in headless mode.
console.warn: services.settings: Ignoring preference override of remote settings server
console.warn: services.settings: Allow by setting MOZ_REMOTE_SETTINGS_DEVTOOLS=1 in the environment
Dynamically enable window occlusion 0
1777147048788	Marionette	INFO	Marionette enabled
1777147048921	Marionette	INFO	Listening on port 64018
WebDriver BiDi listening on ws://127.0.0.1:64011
Read port: 64018
1777147049110	RemoteAgent	WARN	TLS certificate errors will be ignored for this session
[GFX1-]: RenderCompositorSWGL failed mapping default framebuffer, no dt
console.error: [Exception... "Component returned failure code: 0x80070057 (NS_ERROR_ILLEGAL_VALUE) [nsIWinTaskbar.getTaskbarProgress]"  nsresult: "0x80070057 (NS_ERROR_ILLEGAL_VALUE)"  location: "JS frame :: moz-src:///browser/components/downloads/DownloadsTaskbar.sys.mjs :: #windowsAttachIndicator :: line 183"  data: no]
1777147052278	Marionette	INFO	Stopped listening on port 64018
Dynamically enable window occlusion 1
console.warn: services.settings: main/fxrelay-denylist sync interrupted by shutdown
console.error: Translations: "Failed to run language detection." (new AbortError("Actor 'Translations' destroyed before query 'Translations:GetDocumentElementLang' was resolved", (void 0)))
console.warn: TopSitesFeed: Failed to fetch data from MARS server: NetworkError when attempting to fetch resource.
console.error: services.settings: 
Object
  - prototype Object
    - columnNumber = 11
    - data = null
    - filename = resource://gre/modules/ServiceRequest.sys.mjs
    - lineNumber = 126
    - location = {"name":"open","filename":"resource://gre/modules/ServiceRequest.sys.mjs","sourceId":29,"lineNumber":126,"columnNumber":11,"asyncCause":null,"asyncCaller":null,"caller":{"filename":"resource://services-settings/Utils.sys.mjs","name":"fetch/<","sourceId":28,"lineNumber":273,"columnNumber":15,"asyncCause":null,"asyncCaller":null,"caller":{"filename":"resource://services-settings/Utils.sys.mjs","name":"fetch","sourceId":28,"lineNumber":224,"columnNumber":12,"asyncCause":null,"asyncCaller":null,"caller":{"filename":"resource://services-settings/Utils.sys.mjs","name":"fetchLatestChanges","sourceId":28,"lineNumber":435,"columnNumber":34,"asyncCause":null,"asyncCaller":null,"caller":{"filename":"resource://services-settings/RemoteSettingsClient.sys.mjs","name":"sync","sourceId":26,"lineNumber":658,"columnNumber":42,"asyncCause":null,"asyncCaller":null,"caller":{"filename":"resource://services-settings/RemoteSettingsClient.sys.mjs","name":"get/this._importingPromise<","sourceId":26,"lineNumber":496,"columnNumber":28,"asyncCause":null,"asyncCaller":null,"caller":null,"formattedStack":"get/this._importingPromise<@resource://services-settings/RemoteSettingsClient.sys.mjs:496:28\n","nativeSavedFrame":{}},"formattedStack":"sync@resource://services-settings/RemoteSettingsClient.sys.mjs:658:42\nget/this._importingPromise<@resource://services-settings/RemoteSettingsClient.sys.mjs:496:28\n","nativeSavedFrame":{}},"formattedStack":"fetchLatestChanges@resource://services-settings/Utils.sys.mjs:435:34\nsync@resource://services-settings/RemoteSettingsClient.sys.mjs:658:42\nget/this._importingPromise<@resource://services-settings/RemoteSettingsClient.sys.mjs:496:28\n","nativeSavedFrame":{}},"formattedStack":"fetch@resource://services-settings/Utils.sys.mjs:224:12\nfetchLatestChanges@resource://services-settings/Utils.sys.mjs:435:34\nsync@resource://services-settings/RemoteSettingsClient.sys.mjs:658:42\nget/this._importingPromise<@resource://services-settings/RemoteSettingsClient.sys.mjs:496:28\n","nativeSavedFrame":{}},"formattedStack":"fetch/<@resource://services-settings/Utils.sys.mjs:273:15\nfetch@resource://services-settings/Utils.sys.mjs:224:12\nfetchLatestChanges@resource://services-settings/Utils.sys.mjs:435:34\nsync@resource://services-settings/RemoteSettingsClient.sys.mjs:658:42\nget/this._importingPromise<@resource://services-settings/RemoteSettingsClient.sys.mjs:496:28\n","nativeSavedFrame":{}},"formattedStack":"open@resource://gre/modules/ServiceRequest.sys.mjs:126:11\nfetch/<@resource://services-settings/Utils.sys.mjs:273:15\nfetch@resource://services-settings/Utils.sys.mjs:224:12\nfetchLatestChanges@resource://services-settings/Utils.sys.mjs:435:34\nsync@resource://services-settings/RemoteSettingsClient.sys.mjs:658:42\nget/this._importingPromise<@resource://services-settings/RemoteSettingsClient.sys.mjs:496:28\n","nativeSavedFrame":{}}
    - message = 
    - name = 
    - result = 2152071198
    - stack = open@resource://gre/modules/ServiceRequest.sys.mjs:126:11|fetch/<@resource://services-settings/Utils.sys.mjs:273:15|fetch@resource://services-settings/Utils.sys.mjs:224:12|fetchLatestChanges@resource://services-settings/Utils.sys.mjs:435:34|sync@resource://services-settings/RemoteSettingsClient.sys.mjs:658:42|get/this._importingPromise<@resource://services-settings/RemoteSettingsClient.sys.mjs:496:28|
  - prototype Object
